2022-11-16 04:08:49,581 INFO HadoopSort: Start ===============================================================================
2022-11-16 04:08:50,515 INFO client.RMProxy: Connecting to ResourceManager at /10.151.244.114:8032
2022-11-16 04:08:50,987 WARN mapreduce.JobResourceUploader: Hadoop command-line option parsing not performed. Implement the Tool interface and execute your application with ToolRunner to remedy this.
2022-11-16 04:08:51,073 INFO mapreduce.JobResourceUploader: Disabling Erasure Coding for path: /tmp/hadoop-yarn/staging/ubuntu/.staging/job_1668539238448_0008
2022-11-16 04:08:51,500 INFO input.FileInputFormat: Total input files to process : 1
2022-11-16 04:08:51,888 INFO mapreduce.JobSubmitter: number of splits:90
2022-11-16 04:08:52,297 INFO mapreduce.JobSubmitter: Submitting tokens for job: job_1668539238448_0008
2022-11-16 04:08:52,299 INFO mapreduce.JobSubmitter: Executing with tokens: []
2022-11-16 04:08:52,509 INFO conf.Configuration: resource-types.xml not found
2022-11-16 04:08:52,509 INFO resource.ResourceUtils: Unable to find 'resource-types.xml'.
2022-11-16 04:08:52,592 INFO impl.YarnClientImpl: Submitted application application_1668539238448_0008
2022-11-16 04:08:52,629 INFO mapreduce.Job: The url to track the job: http://namenode.local:8088/proxy/application_1668539238448_0008/
2022-11-16 04:08:52,630 INFO mapreduce.Job: Running job: job_1668539238448_0008
2022-11-16 04:09:01,756 INFO mapreduce.Job: Job job_1668539238448_0008 running in uber mode : false
2022-11-16 04:09:01,758 INFO mapreduce.Job:  map 0% reduce 0%
2022-11-16 04:09:19,924 INFO mapreduce.Job:  map 2% reduce 0%
2022-11-16 04:09:20,929 INFO mapreduce.Job:  map 3% reduce 0%
2022-11-16 04:09:21,937 INFO mapreduce.Job:  map 7% reduce 0%
2022-11-16 04:09:23,948 INFO mapreduce.Job:  map 8% reduce 0%
2022-11-16 04:09:24,954 INFO mapreduce.Job:  map 9% reduce 0%
2022-11-16 04:09:25,961 INFO mapreduce.Job:  map 13% reduce 0%
2022-11-16 04:09:26,966 INFO mapreduce.Job:  map 17% reduce 0%
2022-11-16 04:09:27,971 INFO mapreduce.Job:  map 19% reduce 0%
2022-11-16 04:09:29,983 INFO mapreduce.Job:  map 20% reduce 0%
2022-11-16 04:09:30,990 INFO mapreduce.Job:  map 21% reduce 0%
2022-11-16 04:09:31,995 INFO mapreduce.Job:  map 22% reduce 0%
2022-11-16 04:09:44,053 INFO mapreduce.Job:  map 23% reduce 0%
2022-11-16 04:09:45,058 INFO mapreduce.Job:  map 23% reduce 3%
2022-11-16 04:09:56,117 INFO mapreduce.Job:  map 24% reduce 3%
2022-11-16 04:09:57,122 INFO mapreduce.Job:  map 25% reduce 3%
2022-11-16 04:10:03,153 INFO mapreduce.Job:  map 26% reduce 3%
2022-11-16 04:10:25,247 INFO mapreduce.Job:  map 27% reduce 3%
2022-11-16 04:10:26,252 INFO mapreduce.Job:  map 27% reduce 5%
2022-11-16 04:10:29,275 INFO mapreduce.Job:  map 29% reduce 5%
2022-11-16 04:10:30,280 INFO mapreduce.Job:  map 30% reduce 5%
2022-11-16 04:10:31,284 INFO mapreduce.Job:  map 33% reduce 5%
2022-11-16 04:10:32,289 INFO mapreduce.Job:  map 33% reduce 7%
2022-11-16 04:10:33,294 INFO mapreduce.Job:  map 34% reduce 7%
2022-11-16 04:10:36,307 INFO mapreduce.Job:  map 35% reduce 7%
2022-11-16 04:10:37,313 INFO mapreduce.Job:  map 36% reduce 7%
2022-11-16 04:10:38,323 INFO mapreduce.Job:  map 37% reduce 10%
2022-11-16 04:10:39,329 INFO mapreduce.Job:  map 38% reduce 10%
2022-11-16 04:10:41,339 INFO mapreduce.Job:  map 39% reduce 10%
2022-11-16 04:10:44,352 INFO mapreduce.Job:  map 39% reduce 12%
2022-11-16 04:10:50,377 INFO mapreduce.Job:  map 39% reduce 13%
2022-11-16 04:11:37,575 INFO mapreduce.Job:  map 40% reduce 13%
2022-11-16 04:11:39,584 INFO mapreduce.Job:  map 43% reduce 13%
2022-11-16 04:11:40,588 INFO mapreduce.Job:  map 44% reduce 13%
2022-11-16 04:11:41,592 INFO mapreduce.Job:  map 45% reduce 13%
2022-11-16 04:11:42,595 INFO mapreduce.Job:  map 49% reduce 13%
2022-11-16 04:11:44,603 INFO mapreduce.Job:  map 50% reduce 14%
2022-11-16 04:11:46,617 INFO mapreduce.Job:  map 52% reduce 14%
2022-11-16 04:11:47,621 INFO mapreduce.Job:  map 53% reduce 14%
2022-11-16 04:11:49,628 INFO mapreduce.Job:  map 54% reduce 14%
2022-11-16 04:11:50,636 INFO mapreduce.Job:  map 54% reduce 15%
2022-11-16 04:11:53,654 INFO mapreduce.Job:  map 56% reduce 15%
2022-11-16 04:11:55,660 INFO mapreduce.Job:  map 57% reduce 15%
2022-11-16 04:11:56,663 INFO mapreduce.Job:  map 57% reduce 17%
2022-11-16 04:12:02,685 INFO mapreduce.Job:  map 57% reduce 19%
2022-11-16 04:12:03,689 INFO mapreduce.Job:  map 58% reduce 19%
2022-11-16 04:12:06,706 INFO mapreduce.Job:  map 59% reduce 19%
2022-11-16 04:12:09,718 INFO mapreduce.Job:  map 60% reduce 19%
2022-11-16 04:12:20,756 INFO mapreduce.Job:  map 60% reduce 20%
2022-11-16 04:12:42,832 INFO mapreduce.Job:  map 61% reduce 20%
2022-11-16 04:12:51,859 INFO mapreduce.Job:  map 62% reduce 20%
2022-11-16 04:12:55,871 INFO mapreduce.Job:  map 63% reduce 20%
2022-11-16 04:12:56,875 INFO mapreduce.Job:  map 64% reduce 21%
2022-11-16 04:12:59,889 INFO mapreduce.Job:  map 65% reduce 21%
2022-11-16 04:13:02,898 INFO mapreduce.Job:  map 67% reduce 21%
2022-11-16 04:13:06,912 INFO mapreduce.Job:  map 68% reduce 21%
2022-11-16 04:13:08,919 INFO mapreduce.Job:  map 68% reduce 23%
2022-11-16 04:13:16,947 INFO mapreduce.Job:  map 69% reduce 23%
2022-11-16 04:13:19,960 INFO mapreduce.Job:  map 70% reduce 23%
2022-11-16 04:13:22,976 INFO mapreduce.Job:  map 71% reduce 23%
2022-11-16 04:13:24,983 INFO mapreduce.Job:  map 79% reduce 23%
2022-11-16 04:13:25,986 INFO mapreduce.Job:  map 80% reduce 23%
2022-11-16 04:13:26,990 INFO mapreduce.Job:  map 80% reduce 26%
2022-11-16 04:13:27,994 INFO mapreduce.Job:  map 82% reduce 26%
2022-11-16 04:13:33,008 INFO mapreduce.Job:  map 82% reduce 27%
2022-11-16 04:13:59,084 INFO mapreduce.Job:  map 83% reduce 27%
2022-11-16 04:14:03,096 INFO mapreduce.Job:  map 83% reduce 28%
2022-11-16 04:14:33,190 INFO mapreduce.Job:  map 84% reduce 28%
2022-11-16 04:14:34,194 INFO mapreduce.Job:  map 86% reduce 28%
2022-11-16 04:14:35,197 INFO mapreduce.Job:  map 89% reduce 28%
2022-11-16 04:14:36,201 INFO mapreduce.Job:  map 90% reduce 28%
2022-11-16 04:14:39,210 INFO mapreduce.Job:  map 90% reduce 30%
2022-11-16 04:14:41,216 INFO mapreduce.Job:  map 91% reduce 30%
2022-11-16 04:15:02,277 INFO mapreduce.Job:  map 92% reduce 30%
2022-11-16 04:15:03,280 INFO mapreduce.Job:  map 92% reduce 31%
2022-11-16 04:15:13,309 INFO mapreduce.Job:  map 95% reduce 31%
2022-11-16 04:15:14,313 INFO mapreduce.Job:  map 99% reduce 31%
2022-11-16 04:15:15,316 INFO mapreduce.Job:  map 99% reduce 32%
2022-11-16 04:15:17,322 INFO mapreduce.Job:  map 100% reduce 32%
2022-11-16 04:15:21,333 INFO mapreduce.Job:  map 100% reduce 34%
2022-11-16 04:15:33,367 INFO mapreduce.Job:  map 100% reduce 36%
2022-11-16 04:15:39,383 INFO mapreduce.Job:  map 100% reduce 37%
2022-11-16 04:15:45,399 INFO mapreduce.Job:  map 100% reduce 38%
2022-11-16 04:15:51,415 INFO mapreduce.Job:  map 100% reduce 40%
2022-11-16 04:15:57,431 INFO mapreduce.Job:  map 100% reduce 43%
2022-11-16 04:16:03,447 INFO mapreduce.Job:  map 100% reduce 48%
2022-11-16 04:16:09,463 INFO mapreduce.Job:  map 100% reduce 50%
2022-11-16 04:16:15,482 INFO mapreduce.Job:  map 100% reduce 51%
2022-11-16 04:16:21,498 INFO mapreduce.Job:  map 100% reduce 54%
2022-11-16 04:16:27,514 INFO mapreduce.Job:  map 100% reduce 57%
2022-11-16 04:16:33,530 INFO mapreduce.Job:  map 100% reduce 58%
2022-11-16 04:16:39,546 INFO mapreduce.Job:  map 100% reduce 60%
2022-11-16 04:16:45,562 INFO mapreduce.Job:  map 100% reduce 62%
2022-11-16 04:16:51,577 INFO mapreduce.Job:  map 100% reduce 65%
2022-11-16 04:16:57,593 INFO mapreduce.Job:  map 100% reduce 67%
2022-11-16 04:17:09,625 INFO mapreduce.Job:  map 100% reduce 69%
2022-11-16 04:17:15,641 INFO mapreduce.Job:  map 100% reduce 70%
2022-11-16 04:17:45,731 INFO mapreduce.Job:  map 100% reduce 73%
2022-11-16 04:17:51,752 INFO mapreduce.Job:  map 100% reduce 74%
2022-11-16 04:17:57,768 INFO mapreduce.Job:  map 100% reduce 75%
2022-11-16 04:18:21,829 INFO mapreduce.Job:  map 100% reduce 76%
2022-11-16 04:18:33,946 INFO mapreduce.Job:  map 100% reduce 77%
2022-11-16 04:18:40,153 INFO mapreduce.Job:  map 100% reduce 78%
2022-11-16 04:18:52,187 INFO mapreduce.Job:  map 100% reduce 79%
2022-11-16 04:18:58,203 INFO mapreduce.Job:  map 100% reduce 80%
2022-11-16 04:19:10,236 INFO mapreduce.Job:  map 100% reduce 82%
2022-11-16 04:19:34,298 INFO mapreduce.Job:  map 100% reduce 84%
2022-11-16 04:19:46,330 INFO mapreduce.Job:  map 100% reduce 85%
2022-11-16 04:19:58,360 INFO mapreduce.Job:  map 100% reduce 86%
2022-11-16 04:20:10,391 INFO mapreduce.Job:  map 100% reduce 87%
2022-11-16 04:20:16,407 INFO mapreduce.Job:  map 100% reduce 88%
2022-11-16 04:20:28,438 INFO mapreduce.Job:  map 100% reduce 89%
2022-11-16 04:20:40,469 INFO mapreduce.Job:  map 100% reduce 90%
2022-11-16 04:20:52,501 INFO mapreduce.Job:  map 100% reduce 91%
2022-11-16 04:21:04,531 INFO mapreduce.Job:  map 100% reduce 92%
2022-11-16 04:21:10,547 INFO mapreduce.Job:  map 100% reduce 93%
2022-11-16 04:21:28,593 INFO mapreduce.Job:  map 100% reduce 95%
2022-11-16 04:21:46,637 INFO mapreduce.Job:  map 100% reduce 96%
2022-11-16 04:21:58,667 INFO mapreduce.Job:  map 100% reduce 97%
2022-11-16 04:22:10,696 INFO mapreduce.Job:  map 100% reduce 98%
2022-11-16 04:22:16,710 INFO mapreduce.Job:  map 100% reduce 99%
2022-11-16 04:22:27,738 INFO mapreduce.Job:  map 100% reduce 100%
2022-11-16 04:22:33,757 INFO mapreduce.Job: Job job_1668539238448_0008 completed successfully
2022-11-16 04:22:33,896 INFO mapreduce.Job: Counters: 56
	File System Counters
		FILE: Number of bytes read=8627404520
		FILE: Number of bytes written=14828921398
		FILE: Number of read operations=0
		FILE: Number of large read operations=0
		FILE: Number of write operations=0
		HDFS: Number of bytes read=6011675398
		HDFS: Number of bytes written=6060000000
		HDFS: Number of read operations=275
		HDFS: Number of large read operations=0
		HDFS: Number of write operations=2
		HDFS: Number of bytes read erasure-coded=0
	Job Counters 
		Killed map tasks=8
		Launched map tasks=96
		Launched reduce tasks=1
		Data-local map tasks=84
		Rack-local map tasks=12
		Total time spent by all maps in occupied slots (ms)=7271601
		Total time spent by all reduces in occupied slots (ms)=781257
		Total time spent by all map tasks (ms)=7271601
		Total time spent by all reduce tasks (ms)=781257
		Total vcore-milliseconds taken by all map tasks=7271601
		Total vcore-milliseconds taken by all reduce tasks=781257
		Total megabyte-milliseconds taken by all map tasks=7446119424
		Total megabyte-milliseconds taken by all reduce tasks=800007168
	Map-Reduce Framework
		Map input records=60000000
		Map output records=60000000
		Map output bytes=6060000000
		Map output materialized bytes=6180000540
		Input split bytes=9990
		Combine input records=60000000
		Combine output records=60000000
		Reduce input groups=60000000
		Reduce shuffle bytes=6180000540
		Reduce input records=60000000
		Reduce output records=60000000
		Spilled Records=143761208
		Shuffled Maps =90
		Failed Shuffles=0
		Merged Map outputs=90
		GC time elapsed (ms)=86664
		CPU time spent (ms)=858760
		Physical memory (bytes) snapshot=42772373504
		Virtual memory (bytes) snapshot=231986245632
		Total committed heap usage (bytes)=36946575360
		Peak Map Physical memory (bytes)=492380160
		Peak Map Virtual memory (bytes)=2555969536
		Peak Reduce Physical memory (bytes)=792240128
		Peak Reduce Virtual memory (bytes)=2560495616
	Shuffle Errors
		BAD_ID=0
		CONNECTION=0
		IO_ERROR=0
		WRONG_LENGTH=0
		WRONG_MAP=0
		WRONG_REDUCE=0
	File Input Format Counters 
		Bytes Read=6011665408
	File Output Format Counters 
		Bytes Written=6060000000
2022-11-16 04:22:33,897 INFO HadoopSort: Time elapsed in ms : 
2022-11-16 04:22:33,897 INFO HadoopSort: 824315
2022-11-16 04:22:33,898 WARN HadoopSort: End ===============================================================================
