2022-11-16 07:13:54,992 INFO HadoopSort: Start ===============================================================================
2022-11-16 07:13:55,942 INFO client.RMProxy: Connecting to ResourceManager at /10.151.244.114:8032
2022-11-16 07:13:56,484 WARN mapreduce.JobResourceUploader: Hadoop command-line option parsing not performed. Implement the Tool interface and execute your application with ToolRunner to remedy this.
2022-11-16 07:13:56,568 INFO mapreduce.JobResourceUploader: Disabling Erasure Coding for path: /tmp/hadoop-yarn/staging/ubuntu/.staging/job_1668580115153_0001
2022-11-16 07:13:57,018 INFO input.FileInputFormat: Total input files to process : 1
2022-11-16 07:13:57,609 INFO mapreduce.JobSubmitter: number of splits:179
2022-11-16 07:13:58,185 INFO mapreduce.JobSubmitter: Submitting tokens for job: job_1668580115153_0001
2022-11-16 07:13:58,187 INFO mapreduce.JobSubmitter: Executing with tokens: []
2022-11-16 07:13:58,422 INFO conf.Configuration: resource-types.xml not found
2022-11-16 07:13:58,422 INFO resource.ResourceUtils: Unable to find 'resource-types.xml'.
2022-11-16 07:13:58,901 INFO impl.YarnClientImpl: Submitted application application_1668580115153_0001
2022-11-16 07:13:58,943 INFO mapreduce.Job: The url to track the job: http://namenode.local:8088/proxy/application_1668580115153_0001/
2022-11-16 07:13:58,944 INFO mapreduce.Job: Running job: job_1668580115153_0001
2022-11-16 07:14:08,097 INFO mapreduce.Job: Job job_1668580115153_0001 running in uber mode : false
2022-11-16 07:14:08,099 INFO mapreduce.Job:  map 0% reduce 0%
2022-11-16 07:14:34,315 INFO mapreduce.Job:  map 1% reduce 0%
2022-11-16 07:14:43,371 INFO mapreduce.Job:  map 2% reduce 0%
2022-11-16 07:14:50,414 INFO mapreduce.Job:  map 3% reduce 0%
2022-11-16 07:15:01,475 INFO mapreduce.Job:  map 4% reduce 0%
2022-11-16 07:15:04,508 INFO mapreduce.Job:  map 5% reduce 0%
2022-11-16 07:15:13,560 INFO mapreduce.Job:  map 6% reduce 0%
2022-11-16 07:15:25,926 INFO mapreduce.Job:  map 7% reduce 0%
2022-11-16 07:15:29,949 INFO mapreduce.Job:  map 8% reduce 0%
2022-11-16 07:15:31,961 INFO mapreduce.Job:  map 9% reduce 0%
2022-11-16 07:15:34,980 INFO mapreduce.Job:  map 10% reduce 0%
2022-11-16 07:15:41,016 INFO mapreduce.Job:  map 11% reduce 0%
2022-11-16 07:15:53,075 INFO mapreduce.Job:  map 12% reduce 0%
2022-11-16 07:16:00,109 INFO mapreduce.Job:  map 13% reduce 0%
2022-11-16 07:16:05,136 INFO mapreduce.Job:  map 14% reduce 0%
2022-11-16 07:16:29,242 INFO mapreduce.Job:  map 15% reduce 0%
2022-11-16 07:16:35,267 INFO mapreduce.Job:  map 16% reduce 0%
2022-11-16 07:16:40,305 INFO mapreduce.Job:  map 17% reduce 0%
2022-11-16 07:16:49,347 INFO mapreduce.Job:  map 17% reduce 4%
2022-11-16 07:16:55,375 INFO mapreduce.Job:  map 17% reduce 6%
2022-11-16 07:17:23,310 INFO mapreduce.Job:  map 18% reduce 6%
2022-11-16 07:17:45,394 INFO mapreduce.Job:  map 19% reduce 6%
2022-11-16 07:17:47,401 INFO mapreduce.Job:  map 20% reduce 6%
2022-11-16 07:17:53,430 INFO mapreduce.Job:  map 21% reduce 6%
2022-11-16 07:17:57,445 INFO mapreduce.Job:  map 22% reduce 6%
2022-11-16 07:17:59,453 INFO mapreduce.Job:  map 23% reduce 6%
2022-11-16 07:18:05,473 INFO mapreduce.Job:  map 24% reduce 6%
2022-11-16 07:18:11,497 INFO mapreduce.Job:  map 25% reduce 6%
2022-11-16 07:18:17,519 INFO mapreduce.Job:  map 25% reduce 7%
2022-11-16 07:18:27,554 INFO mapreduce.Job:  map 26% reduce 7%
2022-11-16 07:18:45,616 INFO mapreduce.Job:  map 27% reduce 7%
2022-11-16 07:18:47,624 INFO mapreduce.Job:  map 28% reduce 7%
2022-11-16 07:18:53,646 INFO mapreduce.Job:  map 29% reduce 8%
2022-11-16 07:18:59,667 INFO mapreduce.Job:  map 30% reduce 8%
2022-11-16 07:19:05,688 INFO mapreduce.Job:  map 31% reduce 9%
2022-11-16 07:19:17,732 INFO mapreduce.Job:  map 31% reduce 10%
2022-11-16 07:19:18,736 INFO mapreduce.Job:  map 32% reduce 10%
2022-11-16 07:19:27,766 INFO mapreduce.Job:  map 33% reduce 10%
2022-11-16 07:19:29,773 INFO mapreduce.Job:  map 33% reduce 11%
2022-11-16 07:20:03,880 INFO mapreduce.Job:  map 34% reduce 11%
2022-11-16 07:20:10,902 INFO mapreduce.Job:  map 35% reduce 11%
2022-11-16 07:20:21,936 INFO mapreduce.Job:  map 36% reduce 11%
2022-11-16 07:20:31,967 INFO mapreduce.Job:  map 37% reduce 11%
2022-11-16 07:20:42,004 INFO mapreduce.Job:  map 37% reduce 12%
2022-11-16 07:20:43,007 INFO mapreduce.Job:  map 38% reduce 12%
2022-11-16 07:20:45,014 INFO mapreduce.Job:  map 39% reduce 12%
2022-11-16 07:20:46,018 INFO mapreduce.Job:  map 41% reduce 12%
2022-11-16 07:20:55,064 INFO mapreduce.Job:  map 42% reduce 12%
2022-11-16 07:21:00,079 INFO mapreduce.Job:  map 42% reduce 13%
2022-11-16 07:21:11,114 INFO mapreduce.Job:  map 43% reduce 13%
2022-11-16 07:21:15,128 INFO mapreduce.Job:  map 44% reduce 13%
2022-11-16 07:21:24,154 INFO mapreduce.Job:  map 44% reduce 14%
2022-11-16 07:21:27,165 INFO mapreduce.Job:  map 45% reduce 14%
2022-11-16 07:21:40,206 INFO mapreduce.Job:  map 46% reduce 14%
2022-11-16 07:21:48,234 INFO mapreduce.Job:  map 47% reduce 15%
2022-11-16 07:21:50,241 INFO mapreduce.Job:  map 48% reduce 15%
2022-11-16 07:21:54,254 INFO mapreduce.Job:  map 49% reduce 15%
2022-11-16 07:22:00,273 INFO mapreduce.Job:  map 49% reduce 16%
2022-11-16 07:22:02,280 INFO mapreduce.Job:  map 50% reduce 16%
2022-11-16 07:22:17,338 INFO mapreduce.Job:  map 51% reduce 16%
2022-11-16 07:22:18,340 INFO mapreduce.Job:  map 51% reduce 17%
2022-11-16 07:22:30,381 INFO mapreduce.Job:  map 52% reduce 17%
2022-11-16 07:22:45,427 INFO mapreduce.Job:  map 54% reduce 17%
2022-11-16 07:22:46,430 INFO mapreduce.Job:  map 55% reduce 17%
2022-11-16 07:22:51,449 INFO mapreduce.Job:  map 56% reduce 17%
2022-11-16 07:22:58,478 INFO mapreduce.Job:  map 57% reduce 17%
2022-11-16 07:23:16,527 INFO mapreduce.Job:  map 58% reduce 17%
2022-11-16 07:23:30,565 INFO mapreduce.Job:  map 58% reduce 18%
2022-11-16 07:23:33,574 INFO mapreduce.Job:  map 59% reduce 18%
2022-11-16 07:23:34,577 INFO mapreduce.Job:  map 60% reduce 18%
2022-11-16 07:23:42,599 INFO mapreduce.Job:  map 60% reduce 19%
2022-11-16 07:23:46,610 INFO mapreduce.Job:  map 61% reduce 19%
2022-11-16 07:23:59,646 INFO mapreduce.Job:  map 62% reduce 19%
2022-11-16 07:24:06,677 INFO mapreduce.Job:  map 62% reduce 20%
2022-11-16 07:24:18,716 INFO mapreduce.Job:  map 63% reduce 20%
2022-11-16 07:24:24,732 INFO mapreduce.Job:  map 64% reduce 20%
2022-11-16 07:24:36,778 INFO mapreduce.Job:  map 64% reduce 21%
2022-11-16 07:24:41,793 INFO mapreduce.Job:  map 65% reduce 21%
2022-11-16 07:24:53,825 INFO mapreduce.Job:  map 66% reduce 21%
2022-11-16 07:24:58,845 INFO mapreduce.Job:  map 67% reduce 21%
2022-11-16 07:25:00,850 INFO mapreduce.Job:  map 67% reduce 22%
2022-11-16 07:25:02,855 INFO mapreduce.Job:  map 68% reduce 22%
2022-11-16 07:25:07,870 INFO mapreduce.Job:  map 70% reduce 22%
2022-11-16 07:25:08,873 INFO mapreduce.Job:  map 71% reduce 22%
2022-11-16 07:25:12,885 INFO mapreduce.Job:  map 71% reduce 23%
2022-11-16 07:25:19,918 INFO mapreduce.Job:  map 72% reduce 23%
2022-11-16 07:25:23,929 INFO mapreduce.Job:  map 73% reduce 23%
2022-11-16 07:25:59,023 INFO mapreduce.Job:  map 74% reduce 23%
2022-11-16 07:26:01,029 INFO mapreduce.Job:  map 74% reduce 24%
2022-11-16 07:26:04,038 INFO mapreduce.Job:  map 75% reduce 24%
2022-11-16 07:26:12,060 INFO mapreduce.Job:  map 76% reduce 24%
2022-11-16 07:26:26,100 INFO mapreduce.Job:  map 77% reduce 24%
2022-11-16 07:26:30,121 INFO mapreduce.Job:  map 78% reduce 24%
2022-11-16 07:26:31,124 INFO mapreduce.Job:  map 78% reduce 25%
2022-11-16 07:26:48,170 INFO mapreduce.Job:  map 79% reduce 25%
2022-11-16 07:26:58,197 INFO mapreduce.Job:  map 80% reduce 25%
2022-11-16 07:27:06,218 INFO mapreduce.Job:  map 81% reduce 25%
2022-11-16 07:27:13,236 INFO mapreduce.Job:  map 81% reduce 26%
2022-11-16 07:27:15,242 INFO mapreduce.Job:  map 82% reduce 26%
2022-11-16 07:27:35,292 INFO mapreduce.Job:  map 83% reduce 26%
2022-11-16 07:27:51,334 INFO mapreduce.Job:  map 84% reduce 26%
2022-11-16 07:27:53,339 INFO mapreduce.Job:  map 85% reduce 26%
2022-11-16 07:27:55,344 INFO mapreduce.Job:  map 85% reduce 27%
2022-11-16 07:28:00,357 INFO mapreduce.Job:  map 86% reduce 27%
2022-11-16 07:28:01,360 INFO mapreduce.Job:  map 86% reduce 28%
2022-11-16 07:28:13,391 INFO mapreduce.Job:  map 87% reduce 28%
2022-11-16 07:28:19,410 INFO mapreduce.Job:  map 87% reduce 29%
2022-11-16 07:28:31,444 INFO mapreduce.Job:  map 88% reduce 29%
2022-11-16 07:28:47,523 INFO mapreduce.Job:  map 89% reduce 29%
2022-11-16 07:28:55,546 INFO mapreduce.Job:  map 90% reduce 29%
2022-11-16 07:29:07,576 INFO mapreduce.Job:  map 90% reduce 30%
2022-11-16 07:29:15,601 INFO mapreduce.Job:  map 91% reduce 30%
2022-11-16 07:29:26,633 INFO mapreduce.Job:  map 92% reduce 30%
2022-11-16 07:29:44,678 INFO mapreduce.Job:  map 93% reduce 30%
2022-11-16 07:29:54,718 INFO mapreduce.Job:  map 94% reduce 30%
2022-11-16 07:30:08,753 INFO mapreduce.Job:  map 95% reduce 30%
2022-11-16 07:30:14,767 INFO mapreduce.Job:  map 96% reduce 30%
2022-11-16 07:30:18,779 INFO mapreduce.Job:  map 97% reduce 30%
2022-11-16 07:30:19,782 INFO mapreduce.Job:  map 97% reduce 31%
2022-11-16 07:30:25,796 INFO mapreduce.Job:  map 97% reduce 32%
2022-11-16 07:30:50,853 INFO mapreduce.Job:  map 98% reduce 32%
2022-11-16 07:31:07,895 INFO mapreduce.Job:  map 98% reduce 33%
2022-11-16 07:31:12,906 INFO mapreduce.Job:  map 99% reduce 33%
2022-11-16 07:31:39,314 INFO mapreduce.Job:  map 100% reduce 33%

   
2022-11-16 07:39:51,874 INFO mapreduce.Job:  map 100% reduce 39%
2022-11-16 07:39:57,888 INFO mapreduce.Job:  map 100% reduce 48%
2022-11-16 07:40:03,901 INFO mapreduce.Job:  map 100% reduce 57%
2022-11-16 07:40:09,915 INFO mapreduce.Job:  map 100% reduce 63%
2022-11-16 07:40:15,928 INFO mapreduce.Job:  map 100% reduce 64%
2022-11-16 07:40:39,982 INFO mapreduce.Job:  map 100% reduce 67%
2022-11-16 07:40:45,996 INFO mapreduce.Job:  map 100% reduce 68%
2022-11-16 07:41:10,057 INFO mapreduce.Job:  map 100% reduce 69%
2022-11-16 07:41:59,176 INFO mapreduce.Job:  map 100% reduce 70%
2022-11-16 07:42:31,365 INFO mapreduce.Job:  map 100% reduce 71%

2022-11-16 07:42:55,424 INFO mapreduce.Job:  map 100% reduce 72%
2022-11-16 07:43:19,478 INFO mapreduce.Job:  map 100% reduce 73%
2022-11-16 07:43:55,568 INFO mapreduce.Job:  map 100% reduce 74%
2022-11-16 07:44:25,660 INFO mapreduce.Job:  map 100% reduce 75%

2022-11-16 07:44:55,168 INFO mapreduce.Job:  map 100% reduce 76%
2022-11-16 07:45:31,260 INFO mapreduce.Job:  map 100% reduce 77%
2022-11-16 07:45:55,313 INFO mapreduce.Job:  map 100% reduce 78%
2022-11-16 07:46:25,374 INFO mapreduce.Job:  map 100% reduce 79%
2022-11-16 07:46:49,422 INFO mapreduce.Job:  map 100% reduce 80%
2022-11-16 07:47:19,484 INFO mapreduce.Job:  map 100% reduce 81%
2022-11-16 07:47:44,542 INFO mapreduce.Job:  map 100% reduce 82%
2022-11-16 07:48:14,603 INFO mapreduce.Job:  map 100% reduce 83%
2022-11-16 07:48:44,674 INFO mapreduce.Job:  map 100% reduce 84%
2022-11-16 07:49:14,737 INFO mapreduce.Job:  map 100% reduce 85%
2022-11-16 07:49:38,813 INFO mapreduce.Job:  map 100% reduce 86%
2022-11-16 07:50:08,876 INFO mapreduce.Job:  map 100% reduce 87%
2022-11-16 07:50:38,946 INFO mapreduce.Job:  map 100% reduce 88%
2022-11-16 07:51:03,007 INFO mapreduce.Job:  map 100% reduce 89%
2022-11-16 07:51:39,082 INFO mapreduce.Job:  map 100% reduce 90%
2022-11-16 07:52:09,147 INFO mapreduce.Job:  map 100% reduce 91%
2022-11-16 07:52:45,220 INFO mapreduce.Job:  map 100% reduce 92%
2022-11-16 07:53:22,310 INFO mapreduce.Job:  map 100% reduce 93%
2022-11-16 07:53:52,370 INFO mapreduce.Job:  map 100% reduce 94%
2022-11-16 07:54:28,442 INFO mapreduce.Job:  map 100% reduce 95%

2022-11-16 07:54:58,502 INFO mapreduce.Job:  map 100% reduce 96%
2022-11-16 07:55:34,574 INFO mapreduce.Job:  map 100% reduce 97%
2022-11-16 07:56:16,658 INFO mapreduce.Job:  map 100% reduce 98%
2022-11-16 07:56:40,709 INFO mapreduce.Job:  map 100% reduce 99%
2022-11-16 07:57:22,994 INFO mapreduce.Job:  map 100% reduce 100%
2022-11-16 07:57:56,090 INFO mapreduce.Job: Job job_1668580115153_0001 completed successfully
2022-11-16 07:57:56,229 INFO mapreduce.Job: Counters: 56
	File System Counters
		FILE: Number of bytes read=21471259270
		FILE: Number of bytes written=33873820817
		FILE: Number of read operations=0
		FILE: Number of large read operations=0
		FILE: Number of write operations=0
		HDFS: Number of bytes read=12023350864
		HDFS: Number of bytes written=12120000000
		HDFS: Number of read operations=542
		HDFS: Number of large read operations=0
		HDFS: Number of write operations=2
		HDFS: Number of bytes read erasure-coded=0
	Job Counters 
		Killed map tasks=11
		Launched map tasks=189
		Launched reduce tasks=1
		Data-local map tasks=172
		Rack-local map tasks=17
		Total time spent by all maps in occupied slots (ms)=26527632
		Total time spent by all reduces in occupied slots (ms)=2523044
		Total time spent by all map tasks (ms)=26527632
		Total time spent by all reduce tasks (ms)=2523044
		Total vcore-milliseconds taken by all map tasks=26527632
		Total vcore-milliseconds taken by all reduce tasks=2523044
		Total megabyte-milliseconds taken by all map tasks=27164295168
		Total megabyte-milliseconds taken by all reduce tasks=2583597056
	Map-Reduce Framework
		Map input records=120000000
		Map output records=120000000
		Map output bytes=12120000000
		Map output materialized bytes=12360001074
		Input split bytes=20048
		Combine input records=120000000
		Combine output records=120000000
		Reduce input groups=120000000
		Reduce shuffle bytes=12360001074
		Reduce input records=120000000
		Reduce output records=120000000
		Spilled Records=328458826
		Shuffled Maps =179
		Failed Shuffles=0
		Merged Map outputs=179
		GC time elapsed (ms)=46834
		CPU time spent (ms)=1985170
		Physical memory (bytes) snapshot=84985683968
		Virtual memory (bytes) snapshot=458833637376
		Total committed heap usage (bytes)=72336015360
		Peak Map Physical memory (bytes)=496476160
		Peak Map Virtual memory (bytes)=2557997056
		Peak Reduce Physical memory (bytes)=808546304
		Peak Reduce Virtual memory (bytes)=2564349952
	Shuffle Errors
		BAD_ID=0
		CONNECTION=0
		IO_ERROR=0
		WRONG_LENGTH=0
		WRONG_MAP=0
		WRONG_REDUCE=0
	File Input Format Counters 
		Bytes Read=12023330816
	File Output Format Counters 
		Bytes Written=12120000000
2022-11-16 07:57:56,230 INFO HadoopSort: Time elapsed in ms : 
2022-11-16 07:57:56,230 INFO HadoopSort: 2641237
2022-11-16 07:57:56,230 WARN HadoopSort: End ===============================================================================
