2022-11-15 20:00:55,550 INFO HadoopSort: Start ===============================================================================
2022-11-15 20:00:56,494 INFO client.RMProxy: Connecting to ResourceManager at /10.151.244.114:8032
2022-11-15 20:00:56,856 WARN mapreduce.JobResourceUploader: Hadoop command-line option parsing not performed. Implement the Tool interface and execute your application with ToolRunner to remedy this.
2022-11-15 20:00:56,931 INFO mapreduce.JobResourceUploader: Disabling Erasure Coding for path: /tmp/hadoop-yarn/staging/ubuntu/.staging/job_1668539238448_0007
2022-11-15 20:00:57,353 INFO input.FileInputFormat: Total input files to process : 1
2022-11-15 20:00:58,198 INFO mapreduce.JobSubmitter: number of splits:45
2022-11-15 20:00:58,524 INFO mapreduce.JobSubmitter: Submitting tokens for job: job_1668539238448_0007
2022-11-15 20:00:58,526 INFO mapreduce.JobSubmitter: Executing with tokens: []
2022-11-15 20:00:58,729 INFO conf.Configuration: resource-types.xml not found
2022-11-15 20:00:58,730 INFO resource.ResourceUtils: Unable to find 'resource-types.xml'.
2022-11-15 20:00:58,821 INFO impl.YarnClientImpl: Submitted application application_1668539238448_0007
2022-11-15 20:00:58,872 INFO mapreduce.Job: The url to track the job: http://namenode.local:8088/proxy/application_1668539238448_0007/
2022-11-15 20:00:58,872 INFO mapreduce.Job: Running job: job_1668539238448_0007
2022-11-15 20:01:07,018 INFO mapreduce.Job: Job job_1668539238448_0007 running in uber mode : false
2022-11-15 20:01:07,020 INFO mapreduce.Job:  map 0% reduce 0%
2022-11-15 20:01:27,184 INFO mapreduce.Job:  map 2% reduce 0%
2022-11-15 20:01:28,190 INFO mapreduce.Job:  map 7% reduce 0%
2022-11-15 20:01:29,196 INFO mapreduce.Job:  map 8% reduce 0%
2022-11-15 20:01:40,258 INFO mapreduce.Job:  map 14% reduce 0%
2022-11-15 20:01:41,263 INFO mapreduce.Job:  map 15% reduce 0%
2022-11-15 20:01:46,307 INFO mapreduce.Job:  map 16% reduce 0%
2022-11-15 20:01:49,324 INFO mapreduce.Job:  map 22% reduce 0%
2022-11-15 20:01:51,337 INFO mapreduce.Job:  map 24% reduce 0%
2022-11-15 20:01:52,342 INFO mapreduce.Job:  map 25% reduce 0%
2022-11-15 20:01:53,349 INFO mapreduce.Job:  map 27% reduce 0%
2022-11-15 20:01:54,354 INFO mapreduce.Job:  map 28% reduce 0%
2022-11-15 20:01:55,359 INFO mapreduce.Job:  map 39% reduce 0%
2022-11-15 20:01:58,376 INFO mapreduce.Job:  map 41% reduce 0%
2022-11-15 20:01:59,381 INFO mapreduce.Job:  map 45% reduce 0%
2022-11-15 20:02:01,396 INFO mapreduce.Job:  map 48% reduce 0%
2022-11-15 20:02:10,441 INFO mapreduce.Job:  map 48% reduce 15%
2022-11-15 20:02:27,520 INFO mapreduce.Job:  map 49% reduce 15%
2022-11-15 20:02:34,550 INFO mapreduce.Job:  map 49% reduce 16%
2022-11-15 20:02:35,555 INFO mapreduce.Job:  map 51% reduce 16%
2022-11-15 20:02:40,577 INFO mapreduce.Job:  map 52% reduce 17%
2022-11-15 20:02:44,599 INFO mapreduce.Job:  map 53% reduce 17%
2022-11-15 20:02:46,609 INFO mapreduce.Job:  map 53% reduce 18%
2022-11-15 20:02:57,661 INFO mapreduce.Job:  map 56% reduce 18%
2022-11-15 20:02:58,666 INFO mapreduce.Job:  map 56% reduce 19%
2022-11-15 20:02:59,670 INFO mapreduce.Job:  map 60% reduce 19%
2022-11-15 20:03:00,676 INFO mapreduce.Job:  map 65% reduce 19%
2022-11-15 20:03:02,686 INFO mapreduce.Job:  map 66% reduce 19%
2022-11-15 20:03:03,691 INFO mapreduce.Job:  map 70% reduce 19%
2022-11-15 20:03:05,699 INFO mapreduce.Job:  map 76% reduce 19%
2022-11-15 20:03:06,704 INFO mapreduce.Job:  map 78% reduce 19%
2022-11-15 20:03:09,718 INFO mapreduce.Job:  map 79% reduce 19%
2022-11-15 20:03:11,727 INFO mapreduce.Job:  map 82% reduce 19%
2022-11-15 20:03:12,733 INFO mapreduce.Job:  map 87% reduce 19%
2022-11-15 20:03:13,738 INFO mapreduce.Job:  map 88% reduce 19%
2022-11-15 20:03:32,815 INFO mapreduce.Job:  map 89% reduce 19%
2022-11-15 20:04:13,829 INFO mapreduce.Job:  map 89% reduce 20%
2022-11-15 20:04:20,244 INFO mapreduce.Job:  map 90% reduce 27%
2022-11-15 20:04:27,270 INFO mapreduce.Job:  map 92% reduce 27%
2022-11-15 20:04:32,289 INFO mapreduce.Job:  map 92% reduce 28%
2022-11-15 20:04:37,305 INFO mapreduce.Job:  map 94% reduce 28%
2022-11-15 20:04:38,309 INFO mapreduce.Job:  map 96% reduce 28%
2022-11-15 20:04:44,328 INFO mapreduce.Job:  map 96% reduce 30%
2022-11-15 20:05:06,397 INFO mapreduce.Job:  map 98% reduce 30%
2022-11-15 20:05:08,404 INFO mapreduce.Job:  map 98% reduce 31%
2022-11-15 20:05:19,438 INFO mapreduce.Job:  map 99% reduce 31%
2022-11-15 20:05:31,456 INFO mapreduce.Job:  map 99% reduce 33%
2022-11-15 20:05:35,103 INFO mapreduce.Job:  map 100% reduce 33%
2022-11-15 20:05:38,115 INFO mapreduce.Job:  map 100% reduce 67%
2022-11-15 20:05:50,151 INFO mapreduce.Job:  map 100% reduce 70%
2022-11-15 20:06:08,203 INFO mapreduce.Job:  map 100% reduce 71%
2022-11-15 20:06:20,238 INFO mapreduce.Job:  map 100% reduce 75%
2022-11-15 20:06:32,273 INFO mapreduce.Job:  map 100% reduce 79%
2022-11-15 20:06:38,290 INFO mapreduce.Job:  map 100% reduce 81%
2022-11-15 20:06:44,307 INFO mapreduce.Job:  map 100% reduce 82%
2022-11-15 20:06:50,324 INFO mapreduce.Job:  map 100% reduce 83%
2022-11-15 20:06:56,340 INFO mapreduce.Job:  map 100% reduce 85%
2022-11-15 20:07:02,445 INFO mapreduce.Job:  map 100% reduce 91%
2022-11-15 20:07:26,527 INFO mapreduce.Job:  map 100% reduce 95%
2022-11-15 20:07:32,544 INFO mapreduce.Job:  map 100% reduce 97%
2022-11-15 20:07:38,561 INFO mapreduce.Job:  map 100% reduce 98%
2022-11-15 20:07:44,578 INFO mapreduce.Job:  map 100% reduce 100%
2022-11-15 20:07:48,596 INFO mapreduce.Job: Job job_1668539238448_0007 completed successfully
2022-11-15 20:07:48,733 INFO mapreduce.Job: Counters: 56
	File System Counters
		FILE: Number of bytes read=3090000048
		FILE: Number of bytes written=6190876676
		FILE: Number of read operations=0
		FILE: Number of large read operations=0
		FILE: Number of write operations=0
		HDFS: Number of bytes read=3005772163
		HDFS: Number of bytes written=3030000000
		HDFS: Number of read operations=140
		HDFS: Number of large read operations=0
		HDFS: Number of write operations=2
		HDFS: Number of bytes read erasure-coded=0
	Job Counters 
		Killed map tasks=9
		Launched map tasks=54
		Launched reduce tasks=1
		Data-local map tasks=46
		Rack-local map tasks=8
		Total time spent by all maps in occupied slots (ms)=4380378
		Total time spent by all reduces in occupied slots (ms)=349055
		Total time spent by all map tasks (ms)=4380378
		Total time spent by all reduce tasks (ms)=349055
		Total vcore-milliseconds taken by all map tasks=4380378
		Total vcore-milliseconds taken by all reduce tasks=349055
		Total megabyte-milliseconds taken by all map tasks=4485507072
		Total megabyte-milliseconds taken by all reduce tasks=357432320
	Map-Reduce Framework
		Map input records=30000000
		Map output records=30000000
		Map output bytes=3030000000
		Map output materialized bytes=3090000270
		Input split bytes=4995
		Combine input records=30000000
		Combine output records=30000000
		Reduce input groups=30000000
		Reduce shuffle bytes=3090000270
		Reduce input records=30000000
		Reduce output records=30000000
		Spilled Records=60000000
		Shuffled Maps =45
		Failed Shuffles=0
		Merged Map outputs=45
		GC time elapsed (ms)=12559
		CPU time spent (ms)=412300
		Physical memory (bytes) snapshot=21553410048
		Virtual memory (bytes) snapshot=117299175424
		Total committed heap usage (bytes)=18680381440
		Peak Map Physical memory (bytes)=494092288
		Peak Map Virtual memory (bytes)=2554826752
		Peak Reduce Physical memory (bytes)=800321536
		Peak Reduce Virtual memory (bytes)=2566344704
	Shuffle Errors
		BAD_ID=0
		CONNECTION=0
		IO_ERROR=0
		WRONG_LENGTH=0
		WRONG_MAP=0
		WRONG_REDUCE=0
	File Input Format Counters 
		Bytes Read=3005767168
	File Output Format Counters 
		Bytes Written=3030000000
2022-11-15 20:07:48,736 INFO HadoopSort: Time elapsed in ms : 
2022-11-15 20:07:48,736 INFO HadoopSort: 413186
2022-11-15 20:07:48,737 WARN HadoopSort: End ===============================================================================
