================================================================================
HPLinpack 2.3  --  High-Performance Linpack benchmark  --   December 2, 2018
Written by A. Petitet and R. Clint Whaley,  Innovative Computing Laboratory, UTK
Modified by Piotr Luszczek, Innovative Computing Laboratory, UTK
Modified by Julien Langou, University of Colorado Denver
================================================================================

An explanation of the input/output parameters follows:
T/V    : Wall time / encoded variant.
N      : The order of the coefficient matrix A.
NB     : The partitioning blocking factor.
P      : The number of process rows.
Q      : The number of process columns.
Time   : Time in seconds to solve the linear system.
Gflops : Rate of execution for solving the linear system.

The following parameter values will be used:

N      :    1024     4096    16386 
NB     :     256     1024     2048 
PMAP   : Row-major process mapping
P      :       2 
Q      :       2 
PFACT  :   Right 
NBMIN  :       4 
NDIV   :       2 
RFACT  :   Crout 
BCAST  :  1ringM 
DEPTH  :       1 
SWAP   : Mix (threshold = 64)
L1     : transposed form
U      : transposed form
EQUIL  : yes
ALIGN  : 8 double precision words

--------------------------------------------------------------------------------

- The matrix A is randomly generated for each test.
- The following scaled residual check will be computed:
      ||Ax-b||_oo / ( eps * ( || x ||_oo * || A ||_oo + || b ||_oo ) * N )
- The relative machine precision (eps) is taken to be               1.110223e-16
- Computational tests pass if scaled residuals are less than                16.0

================================================================================
T/V                N    NB     P     Q               Time                 Gflops
--------------------------------------------------------------------------------
WR11C2R4        1024   256     2     2               1.04             6.9029e-01
HPL_pdgesv() start time Thu Oct  6 16:13:03 2022

HPL_pdgesv() end time   Thu Oct  6 16:13:04 2022

--------------------------------------------------------------------------------
||Ax-b||_oo/(eps*(||A||_oo*||x||_oo+||b||_oo)*N)=   3.81019956e-03 ...... PASSED
================================================================================
T/V                N    NB     P     Q               Time                 Gflops
--------------------------------------------------------------------------------
WR11C2R4        1024  1024     2     2               0.25             2.9010e+00
HPL_pdgesv() start time Thu Oct  6 16:13:04 2022

HPL_pdgesv() end time   Thu Oct  6 16:13:04 2022

--------------------------------------------------------------------------------
||Ax-b||_oo/(eps*(||A||_oo*||x||_oo+||b||_oo)*N)=   3.74827104e-03 ...... PASSED
================================================================================
T/V                N    NB     P     Q               Time                 Gflops
--------------------------------------------------------------------------------
WR11C2R4        1024  2048     2     2               0.16             4.3642e+00
HPL_pdgesv() start time Thu Oct  6 16:13:04 2022

HPL_pdgesv() end time   Thu Oct  6 16:13:05 2022

--------------------------------------------------------------------------------
||Ax-b||_oo/(eps*(||A||_oo*||x||_oo+||b||_oo)*N)=   3.72273351e-03 ...... PASSED
================================================================================
T/V                N    NB     P     Q               Time                 Gflops
--------------------------------------------------------------------------------
WR11C2R4        4096   256     2     2               5.61             8.1678e+00
HPL_pdgesv() start time Thu Oct  6 16:13:05 2022

HPL_pdgesv() end time   Thu Oct  6 16:13:10 2022

--------------------------------------------------------------------------------
||Ax-b||_oo/(eps*(||A||_oo*||x||_oo+||b||_oo)*N)=   2.55826049e-03 ...... PASSED
================================================================================
T/V                N    NB     P     Q               Time                 Gflops
--------------------------------------------------------------------------------
WR11C2R4        4096  1024     2     2               2.40             1.9090e+01
HPL_pdgesv() start time Thu Oct  6 16:13:11 2022

HPL_pdgesv() end time   Thu Oct  6 16:13:13 2022

--------------------------------------------------------------------------------
||Ax-b||_oo/(eps*(||A||_oo*||x||_oo+||b||_oo)*N)=   2.90768143e-03 ...... PASSED
================================================================================
T/V                N    NB     P     Q               Time                 Gflops
--------------------------------------------------------------------------------
WR11C2R4        4096  2048     2     2               3.61             1.2682e+01
HPL_pdgesv() start time Thu Oct  6 16:13:13 2022

HPL_pdgesv() end time   Thu Oct  6 16:13:17 2022

--------------------------------------------------------------------------------
||Ax-b||_oo/(eps*(||A||_oo*||x||_oo+||b||_oo)*N)=   2.64561573e-03 ...... PASSED
================================================================================
T/V                N    NB     P     Q               Time                 Gflops
--------------------------------------------------------------------------------
WR11C2R4       16386   256     2     2              44.57             6.5818e+01
HPL_pdgesv() start time Thu Oct  6 16:13:18 2022

HPL_pdgesv() end time   Thu Oct  6 16:14:03 2022

--------------------------------------------------------------------------------
||Ax-b||_oo/(eps*(||A||_oo*||x||_oo+||b||_oo)*N)=   2.29657076e-03 ...... PASSED
================================================================================
T/V                N    NB     P     Q               Time                 Gflops
--------------------------------------------------------------------------------
WR11C2R4       16386  1024     2     2              38.03             7.7141e+01
HPL_pdgesv() start time Thu Oct  6 16:14:05 2022

HPL_pdgesv() end time   Thu Oct  6 16:14:43 2022

--------------------------------------------------------------------------------
||Ax-b||_oo/(eps*(||A||_oo*||x||_oo+||b||_oo)*N)=   2.36833206e-03 ...... PASSED
================================================================================
T/V                N    NB     P     Q               Time                 Gflops
--------------------------------------------------------------------------------
WR11C2R4       16386  2048     2     2              42.82             6.8512e+01
HPL_pdgesv() start time Thu Oct  6 16:14:46 2022

HPL_pdgesv() end time   Thu Oct  6 16:15:29 2022

--------------------------------------------------------------------------------
||Ax-b||_oo/(eps*(||A||_oo*||x||_oo+||b||_oo)*N)=   2.39120564e-03 ...... PASSED
================================================================================

Finished      9 tests with the following results:
              9 tests completed and passed residual checks,
              0 tests completed and failed residual checks,
              0 tests skipped because of illegal input values.
--------------------------------------------------------------------------------

End of Tests.
================================================================================
